<?xml version="1.0" encoding="UTF-8"?>
<testng-results ignored="0" total="2" passed="2" failed="0" skipped="0">
  <reporter-output>
    <line>
      <![CDATA[Clicked on contacts link]]>
    </line>
    <line>
      <![CDATA[Clicked on create contact look up image]]>
    </line>
    <line>
      <![CDATA[contact created successfully]]>
    </line>
    <line>
      <![CDATA[Header captured]]>
    </line>
  </reporter-output>
  <suite started-at="2023-10-28T20:03:01 IST" name="Default suite" finished-at="2023-10-28T20:04:36 IST" duration-ms="95117">
    <groups>
      <group name="RegressionSuite">
        <method signature="CreateContactTest.createcont()[pri:0, instance:contactsTests.CreateContactTest@24569dba]" name="createcont" class="contactsTests.CreateContactTest"/>
      </group> <!-- RegressionSuite -->
      <group name="SmokeSuite">
        <method signature="CreateContactTest.createcont()[pri:0, instance:contactsTests.CreateContactTest@24569dba]" name="createcont" class="contactsTests.CreateContactTest"/>
      </group> <!-- SmokeSuite -->
    </groups>
    <test started-at="2023-10-28T20:03:01 IST" name="Default test" finished-at="2023-10-28T20:04:36 IST" duration-ms="95117">
      <class name="contactsTests.CreateContactTest">
        <test-method is-config="true" signature="bsConfig()[pri:0, instance:contactsTests.CreateContactTest@24569dba]" started-at="2023-10-28T20:03:01 IST" name="bsConfig" finished-at="2023-10-28T20:03:01 IST" duration-ms="7" status="PASS">
          <reporter-output>
          </reporter-output>
        </test-method> <!-- bsConfig -->
        <test-method is-config="true" signature="bcConfig()[pri:0, instance:contactsTests.CreateContactTest@24569dba]" started-at="2023-10-28T20:03:01 IST" name="bcConfig" finished-at="2023-10-28T20:03:28 IST" duration-ms="26829" status="PASS">
          <reporter-output>
          </reporter-output>
        </test-method> <!-- bcConfig -->
        <test-method is-config="true" signature="bmConfig()[pri:0, instance:contactsTests.CreateContactTest@24569dba]" started-at="2023-10-28T20:03:28 IST" name="bmConfig" finished-at="2023-10-28T20:03:45 IST" duration-ms="17269" status="PASS">
          <reporter-output>
          </reporter-output>
        </test-method> <!-- bmConfig -->
        <test-method signature="createcont()[pri:0, instance:contactsTests.CreateContactTest@24569dba]" started-at="2023-10-28T20:03:45 IST" name="createcont" finished-at="2023-10-28T20:04:19 IST" duration-ms="33585" status="PASS">
          <reporter-output>
            <line>
              <![CDATA[Clicked on contacts link]]>
            </line>
            <line>
              <![CDATA[Clicked on create contact look up image]]>
            </line>
            <line>
              <![CDATA[contact created successfully]]>
            </line>
            <line>
              <![CDATA[Header captured]]>
            </line>
          </reporter-output>
        </test-method> <!-- createcont -->
        <test-method is-config="true" signature="amConfig()[pri:0, instance:contactsTests.CreateContactTest@24569dba]" started-at="2023-10-28T20:04:19 IST" name="amConfig" finished-at="2023-10-28T20:04:22 IST" duration-ms="3289" status="PASS">
          <reporter-output>
          </reporter-output>
        </test-method> <!-- amConfig -->
        <test-method is-config="true" signature="bmConfig()[pri:0, instance:contactsTests.CreateContactTest@24569dba]" started-at="2023-10-28T20:04:22 IST" name="bmConfig" finished-at="2023-10-28T20:04:25 IST" duration-ms="3227" status="PASS">
          <reporter-output>
          </reporter-output>
        </test-method> <!-- bmConfig -->
        <test-method signature="demo()[pri:0, instance:contactsTests.CreateContactTest@24569dba]" started-at="2023-10-28T20:04:25 IST" name="demo" finished-at="2023-10-28T20:04:25 IST" duration-ms="7" status="PASS">
          <reporter-output>
          </reporter-output>
        </test-method> <!-- demo -->
        <test-method is-config="true" signature="amConfig()[pri:0, instance:contactsTests.CreateContactTest@24569dba]" started-at="2023-10-28T20:04:25 IST" name="amConfig" finished-at="2023-10-28T20:04:34 IST" duration-ms="9282" status="PASS">
          <reporter-output>
          </reporter-output>
        </test-method> <!-- amConfig -->
        <test-method is-config="true" signature="acConfig()[pri:0, instance:contactsTests.CreateContactTest@24569dba]" started-at="2023-10-28T20:04:34 IST" name="acConfig" finished-at="2023-10-28T20:04:36 IST" duration-ms="1282" status="PASS">
          <reporter-output>
          </reporter-output>
        </test-method> <!-- acConfig -->
        <test-method is-config="true" signature="asConfig()[pri:0, instance:contactsTests.CreateContactTest@24569dba]" started-at="2023-10-28T20:04:37 IST" name="asConfig" finished-at="2023-10-28T20:04:37 IST" duration-ms="0" status="PASS">
          <reporter-output>
          </reporter-output>
        </test-method> <!-- asConfig -->
      </class> <!-- contactsTests.CreateContactTest -->
    </test> <!-- Default test -->
  </suite> <!-- Default suite -->
</testng-results>
